2025-04-15 22:04:51 [main] INFO  com.example.demo.SimpleAppApplication - Đang khởi động ứng dụng...
2025-04-15 22:04:51 [main] INFO  com.example.demo.SimpleAppApplication - Starting SimpleAppApplication v0.0.1-SNAPSHOT using Java 1.8.0_442 on 192.168.198.128 with PID 7008 (/opt/app/demo-svc/lib/simple-app-0.0.1-SNAPSHOT.jar started by root in /opt/app/demo-svc)
2025-04-15 22:04:51 [main] INFO  com.example.demo.SimpleAppApplication - The following profiles are active: test
2025-04-15 22:04:52 [main] INFO  org.springframework.boot.web.embedded.tomcat.TomcatWebServer - Tomcat initialized with port(s): 8080 (http)
2025-04-15 22:04:52 [main] INFO  org.apache.coyote.http11.Http11NioProtocol - Initializing ProtocolHandler ["http-nio-8080"]
2025-04-15 22:04:52 [main] INFO  org.apache.catalina.core.StandardService - Starting service [Tomcat]
2025-04-15 22:04:52 [main] INFO  org.apache.catalina.core.StandardEngine - Starting Servlet engine: [Apache Tomcat/9.0.55]
2025-04-15 22:04:52 [main] INFO  org.apache.catalina.core.ContainerBase.[Tomcat].[localhost].[/] - Initializing Spring embedded WebApplicationContext
2025-04-15 22:04:52 [main] INFO  org.springframework.boot.web.servlet.context.ServletWebServerApplicationContext - Root WebApplicationContext: initialization completed in 690 ms
2025-04-15 22:04:52 [main] INFO  org.apache.coyote.http11.Http11NioProtocol - Starting ProtocolHandler ["http-nio-8080"]
2025-04-15 22:04:52 [main] INFO  org.springframework.boot.web.embedded.tomcat.TomcatWebServer - Tomcat started on port(s): 8080 (http) with context path ''
2025-04-15 22:04:52 [main] INFO  com.example.demo.SimpleAppApplication - Started SimpleAppApplication in 1.284 seconds (JVM running for 2.007)
2025-04-15 22:04:52 [main] INFO  com.example.demo.SimpleAppApplication - Ứng dụng đã khởi động thành công!
2025-04-15 22:05:27 [http-nio-8080-exec-1] INFO  org.apache.catalina.core.ContainerBase.[Tomcat].[localhost].[/] - Initializing Spring DispatcherServlet 'dispatcherServlet'
2025-04-15 22:05:27 [http-nio-8080-exec-1] INFO  org.springframework.web.servlet.DispatcherServlet - Initializing Servlet 'dispatcherServlet'
2025-04-15 22:05:27 [http-nio-8080-exec-1] INFO  org.springframework.web.servlet.DispatcherServlet - Completed initialization in 0 ms
2025-04-15 22:05:27 [http-nio-8080-exec-1] INFO  com.example.demo.controller.TestController - Ứng dụng bắt đầu chạy!
2025-04-15 22:05:28 [http-nio-8080-exec-2] INFO  com.example.demo.controller.TestController - Ứng dụng bắt đầu chạy!
2025-04-15 22:05:29 [http-nio-8080-exec-3] INFO  com.example.demo.controller.TestController - Ứng dụng bắt đầu chạy!
2025-04-15 22:05:30 [http-nio-8080-exec-4] INFO  com.example.demo.controller.TestController - Ứng dụng bắt đầu chạy!
2025-04-15 22:05:30 [http-nio-8080-exec-5] INFO  com.example.demo.controller.TestController - Ứng dụng bắt đầu chạy!
2025-04-15 22:05:44 [http-nio-8080-exec-6] INFO  com.example.demo.controller.TestController - Ứng dụng bắt đầu chạy!
2025-04-15 22:05:45 [http-nio-8080-exec-7] INFO  com.example.demo.controller.TestController - Ứng dụng bắt đầu chạy!
2025-04-15 22:05:46 [http-nio-8080-exec-8] INFO  com.example.demo.controller.TestController - Ứng dụng bắt đầu chạy!
2025-04-15 22:15:31 [http-nio-8080-exec-10] INFO  com.example.demo.controller.TestController - Ứng dụng bắt đầu chạy!
2025-04-15 22:15:41 [http-nio-8080-exec-1] INFO  com.example.demo.controller.TestController - Ứng dụng bắt đầu chạy!
