2025-04-13 00:41:00 [main] INFO  com.example.demo.SimpleAppApplication - Đang khởi động ứng dụng...
2025-04-13 00:41:00 [main] INFO  com.example.demo.SimpleAppApplication - Starting SimpleAppApplication v0.0.1-SNAPSHOT using Java 17 on 192.168.198.128 with PID 119528 (/opt/app/demo-svc/lib/simple-app-0.0.1-SNAPSHOT.jar started by root in /opt/app/demo-svc)
2025-04-13 00:41:00 [main] INFO  com.example.demo.SimpleAppApplication - The following profiles are active: test
2025-04-13 00:41:01 [main] INFO  org.springframework.boot.web.embedded.tomcat.TomcatWebServer - Tomcat initialized with port(s): 8080 (http)
2025-04-13 00:41:01 [main] INFO  org.apache.coyote.http11.Http11NioProtocol - Initializing ProtocolHandler ["http-nio-8080"]
2025-04-13 00:41:01 [main] INFO  org.apache.catalina.core.StandardService - Starting service [Tomcat]
2025-04-13 00:41:01 [main] INFO  org.apache.catalina.core.StandardEngine - Starting Servlet engine: [Apache Tomcat/9.0.55]
2025-04-13 00:41:01 [main] INFO  org.apache.catalina.core.ContainerBase.[Tomcat].[localhost].[/] - Initializing Spring embedded WebApplicationContext
2025-04-13 00:41:01 [main] INFO  org.springframework.boot.web.servlet.context.ServletWebServerApplicationContext - Root WebApplicationContext: initialization completed in 525 ms
2025-04-13 00:41:01 [main] INFO  org.apache.coyote.http11.Http11NioProtocol - Starting ProtocolHandler ["http-nio-8080"]
2025-04-13 00:41:01 [main] INFO  org.springframework.boot.web.embedded.tomcat.TomcatWebServer - Tomcat started on port(s): 8080 (http) with context path ''
2025-04-13 00:41:01 [main] INFO  com.example.demo.SimpleAppApplication - Started SimpleAppApplication in 0.966 seconds (JVM running for 1.457)
2025-04-13 00:41:01 [main] INFO  com.example.demo.SimpleAppApplication - Ứng dụng đã khởi động thành công!
2025-04-13 00:41:17 [http-nio-8080-exec-1] INFO  org.apache.catalina.core.ContainerBase.[Tomcat].[localhost].[/] - Initializing Spring DispatcherServlet 'dispatcherServlet'
2025-04-13 00:41:17 [http-nio-8080-exec-1] INFO  org.springframework.web.servlet.DispatcherServlet - Initializing Servlet 'dispatcherServlet'
2025-04-13 00:41:17 [http-nio-8080-exec-1] INFO  org.springframework.web.servlet.DispatcherServlet - Completed initialization in 1 ms
2025-04-13 00:41:17 [http-nio-8080-exec-1] INFO  com.example.demo.controller.TestController - Ứng dụng bắt đầu chạy!
2025-04-13 00:41:22 [http-nio-8080-exec-3] INFO  com.example.demo.controller.TestController - Ứng dụng bắt đầu chạy!
2025-04-13 00:42:11 [http-nio-8080-exec-4] INFO  com.example.demo.controller.TestController - Ứng dụng bắt đầu chạy!
2025-04-13 00:42:12 [http-nio-8080-exec-5] INFO  com.example.demo.controller.TestController - Ứng dụng bắt đầu chạy!
2025-04-13 00:42:12 [http-nio-8080-exec-6] INFO  com.example.demo.controller.TestController - Ứng dụng bắt đầu chạy!
2025-04-13 00:42:13 [http-nio-8080-exec-7] INFO  com.example.demo.controller.TestController - Ứng dụng bắt đầu chạy!
2025-04-13 00:42:13 [http-nio-8080-exec-8] INFO  com.example.demo.controller.TestController - Ứng dụng bắt đầu chạy!
2025-04-13 00:42:13 [http-nio-8080-exec-9] INFO  com.example.demo.controller.TestController - Ứng dụng bắt đầu chạy!
2025-04-13 00:42:13 [http-nio-8080-exec-10] INFO  com.example.demo.controller.TestController - Ứng dụng bắt đầu chạy!
2025-04-13 00:42:14 [http-nio-8080-exec-1] INFO  com.example.demo.controller.TestController - Ứng dụng bắt đầu chạy!
2025-04-13 00:42:14 [http-nio-8080-exec-2] INFO  com.example.demo.controller.TestController - Ứng dụng bắt đầu chạy!
2025-04-13 08:37:55 [http-nio-8080-exec-4] INFO  com.example.demo.controller.TestController - Ứng dụng bắt đầu chạy!
2025-04-13 08:37:56 [http-nio-8080-exec-5] INFO  com.example.demo.controller.TestController - Ứng dụng bắt đầu chạy!
2025-04-13 08:37:57 [http-nio-8080-exec-6] INFO  com.example.demo.controller.TestController - Ứng dụng bắt đầu chạy!
2025-04-13 08:37:57 [http-nio-8080-exec-7] INFO  com.example.demo.controller.TestController - Ứng dụng bắt đầu chạy!
2025-04-13 08:38:26 [http-nio-8080-exec-8] INFO  com.example.demo.controller.TestController - Ứng dụng bắt đầu chạy!
2025-04-13 08:38:27 [http-nio-8080-exec-9] INFO  com.example.demo.controller.TestController - Ứng dụng bắt đầu chạy!
2025-04-13 08:38:44 [http-nio-8080-exec-1] INFO  com.example.demo.controller.TestController - Ứng dụng bắt đầu chạy!
2025-04-13 08:38:46 [http-nio-8080-exec-10] INFO  com.example.demo.controller.TestController - Ứng dụng bắt đầu chạy!
2025-04-13 08:38:50 [http-nio-8080-exec-2] INFO  com.example.demo.controller.TestController - Ứng dụng bắt đầu chạy!
2025-04-13 08:38:51 [http-nio-8080-exec-3] INFO  com.example.demo.controller.TestController - Ứng dụng bắt đầu chạy!
2025-04-13 08:38:52 [http-nio-8080-exec-4] INFO  com.example.demo.controller.TestController - Ứng dụng bắt đầu chạy!
2025-04-13 08:38:52 [http-nio-8080-exec-5] INFO  com.example.demo.controller.TestController - Ứng dụng bắt đầu chạy!
2025-04-13 08:38:55 [http-nio-8080-exec-6] INFO  com.example.demo.controller.TestController - Ứng dụng bắt đầu chạy!
2025-04-13 08:38:55 [http-nio-8080-exec-7] INFO  com.example.demo.controller.TestController - Ứng dụng bắt đầu chạy!
2025-04-13 08:38:56 [http-nio-8080-exec-8] INFO  com.example.demo.controller.TestController - Ứng dụng bắt đầu chạy!
2025-04-13 08:38:56 [http-nio-8080-exec-9] INFO  com.example.demo.controller.TestController - Ứng dụng bắt đầu chạy!
2025-04-13 08:38:56 [http-nio-8080-exec-1] INFO  com.example.demo.controller.TestController - Ứng dụng bắt đầu chạy!
2025-04-13 08:38:57 [http-nio-8080-exec-10] INFO  com.example.demo.controller.TestController - Ứng dụng bắt đầu chạy!
2025-04-13 08:38:58 [http-nio-8080-exec-2] INFO  com.example.demo.controller.TestController - Ứng dụng bắt đầu chạy!
2025-04-13 08:38:58 [http-nio-8080-exec-3] INFO  com.example.demo.controller.TestController - Ứng dụng bắt đầu chạy!
2025-04-13 08:38:59 [http-nio-8080-exec-4] INFO  com.example.demo.controller.TestController - Ứng dụng bắt đầu chạy!
2025-04-13 08:38:59 [http-nio-8080-exec-5] INFO  com.example.demo.controller.TestController - Ứng dụng bắt đầu chạy!
2025-04-13 08:38:59 [http-nio-8080-exec-6] INFO  com.example.demo.controller.TestController - Ứng dụng bắt đầu chạy!
2025-04-13 08:39:00 [http-nio-8080-exec-7] INFO  com.example.demo.controller.TestController - Ứng dụng bắt đầu chạy!
2025-04-13 08:39:00 [http-nio-8080-exec-8] INFO  com.example.demo.controller.TestController - Ứng dụng bắt đầu chạy!
2025-04-13 08:39:01 [http-nio-8080-exec-9] INFO  com.example.demo.controller.TestController - Ứng dụng bắt đầu chạy!
2025-04-13 08:39:01 [http-nio-8080-exec-1] INFO  com.example.demo.controller.TestController - Ứng dụng bắt đầu chạy!
2025-04-13 08:39:01 [http-nio-8080-exec-10] INFO  com.example.demo.controller.TestController - Ứng dụng bắt đầu chạy!
2025-04-13 08:39:02 [http-nio-8080-exec-2] INFO  com.example.demo.controller.TestController - Ứng dụng bắt đầu chạy!
2025-04-13 08:39:02 [http-nio-8080-exec-3] INFO  com.example.demo.controller.TestController - Ứng dụng bắt đầu chạy!
2025-04-13 08:39:03 [http-nio-8080-exec-4] INFO  com.example.demo.controller.TestController - Ứng dụng bắt đầu chạy!
2025-04-13 08:39:03 [http-nio-8080-exec-5] INFO  com.example.demo.controller.TestController - Ứng dụng bắt đầu chạy!
2025-04-13 08:39:04 [http-nio-8080-exec-6] INFO  com.example.demo.controller.TestController - Ứng dụng bắt đầu chạy!
2025-04-13 08:39:16 [http-nio-8080-exec-7] INFO  com.example.demo.controller.TestController - Ứng dụng bắt đầu chạy!
2025-04-13 08:39:17 [http-nio-8080-exec-8] INFO  com.example.demo.controller.TestController - Ứng dụng bắt đầu chạy!
2025-04-13 08:39:17 [http-nio-8080-exec-9] INFO  com.example.demo.controller.TestController - Ứng dụng bắt đầu chạy!
2025-04-13 08:39:17 [http-nio-8080-exec-1] INFO  com.example.demo.controller.TestController - Ứng dụng bắt đầu chạy!
2025-04-13 08:39:24 [http-nio-8080-exec-10] INFO  com.example.demo.controller.TestController - Ứng dụng bắt đầu chạy!
2025-04-13 08:39:24 [http-nio-8080-exec-2] INFO  com.example.demo.controller.TestController - Ứng dụng bắt đầu chạy!
2025-04-13 08:39:25 [http-nio-8080-exec-3] INFO  com.example.demo.controller.TestController - Ứng dụng bắt đầu chạy!
2025-04-13 08:39:26 [http-nio-8080-exec-4] INFO  com.example.demo.controller.TestController - Ứng dụng bắt đầu chạy!
2025-04-13 08:39:27 [http-nio-8080-exec-5] INFO  com.example.demo.controller.TestController - Ứng dụng bắt đầu chạy!
2025-04-13 08:39:28 [http-nio-8080-exec-6] INFO  com.example.demo.controller.TestController - Ứng dụng bắt đầu chạy!
2025-04-13 08:39:28 [http-nio-8080-exec-7] INFO  com.example.demo.controller.TestController - Ứng dụng bắt đầu chạy!
2025-04-13 08:39:29 [http-nio-8080-exec-8] INFO  com.example.demo.controller.TestController - Ứng dụng bắt đầu chạy!
2025-04-13 08:39:30 [http-nio-8080-exec-9] INFO  com.example.demo.controller.TestController - Ứng dụng bắt đầu chạy!
2025-04-13 08:39:30 [http-nio-8080-exec-1] INFO  com.example.demo.controller.TestController - Ứng dụng bắt đầu chạy!
2025-04-13 08:41:50 [http-nio-8080-exec-2] INFO  com.example.demo.controller.TestController - Ứng dụng bắt đầu chạy!
2025-04-13 08:41:50 [http-nio-8080-exec-3] INFO  com.example.demo.controller.TestController - Ứng dụng bắt đầu chạy!
2025-04-13 08:41:51 [http-nio-8080-exec-4] INFO  com.example.demo.controller.TestController - Ứng dụng bắt đầu chạy!
2025-04-13 08:41:51 [http-nio-8080-exec-5] INFO  com.example.demo.controller.TestController - Ứng dụng bắt đầu chạy!
2025-04-13 08:41:52 [http-nio-8080-exec-6] INFO  com.example.demo.controller.TestController - Ứng dụng bắt đầu chạy!
2025-04-13 08:43:41 [http-nio-8080-exec-8] INFO  com.example.demo.controller.TestController - Ứng dụng bắt đầu chạy!
2025-04-13 08:43:42 [http-nio-8080-exec-9] INFO  com.example.demo.controller.TestController - Ứng dụng bắt đầu chạy!
2025-04-13 08:43:42 [http-nio-8080-exec-1] INFO  com.example.demo.controller.TestController - Ứng dụng bắt đầu chạy!
2025-04-13 08:43:42 [http-nio-8080-exec-10] INFO  com.example.demo.controller.TestController - Ứng dụng bắt đầu chạy!
2025-04-13 08:43:43 [http-nio-8080-exec-2] INFO  com.example.demo.controller.TestController - Ứng dụng bắt đầu chạy!
2025-04-13 08:43:43 [http-nio-8080-exec-3] INFO  com.example.demo.controller.TestController - Ứng dụng bắt đầu chạy!
2025-04-13 08:43:45 [http-nio-8080-exec-4] INFO  com.example.demo.controller.TestController - Ứng dụng bắt đầu chạy!
2025-04-13 08:44:53 [http-nio-8080-exec-6] INFO  com.example.demo.controller.TestController - Ứng dụng bắt đầu chạy!
2025-04-13 08:44:54 [http-nio-8080-exec-7] INFO  com.example.demo.controller.TestController - Ứng dụng bắt đầu chạy!
2025-04-13 08:44:58 [http-nio-8080-exec-8] INFO  com.example.demo.controller.TestController - Ứng dụng bắt đầu chạy!
2025-04-13 08:44:59 [http-nio-8080-exec-9] INFO  com.example.demo.controller.TestController - Ứng dụng bắt đầu chạy!
2025-04-13 08:44:59 [http-nio-8080-exec-1] INFO  com.example.demo.controller.TestController - Ứng dụng bắt đầu chạy!
2025-04-13 08:45:00 [http-nio-8080-exec-10] INFO  com.example.demo.controller.TestController - Ứng dụng bắt đầu chạy!
2025-04-13 08:45:00 [http-nio-8080-exec-2] INFO  com.example.demo.controller.TestController - Ứng dụng bắt đầu chạy!
2025-04-13 08:45:01 [http-nio-8080-exec-3] INFO  com.example.demo.controller.TestController - Ứng dụng bắt đầu chạy!
2025-04-13 08:45:02 [http-nio-8080-exec-4] INFO  com.example.demo.controller.TestController - Ứng dụng bắt đầu chạy!
2025-04-13 08:45:06 [http-nio-8080-exec-5] INFO  com.example.demo.controller.TestController - Ứng dụng bắt đầu chạy!
2025-04-13 08:45:06 [http-nio-8080-exec-6] INFO  com.example.demo.controller.TestController - Ứng dụng bắt đầu chạy!
2025-04-13 08:45:07 [http-nio-8080-exec-7] INFO  com.example.demo.controller.TestController - Ứng dụng bắt đầu chạy!
2025-04-13 08:45:08 [http-nio-8080-exec-8] INFO  com.example.demo.controller.TestController - Ứng dụng bắt đầu chạy!
2025-04-13 08:45:09 [http-nio-8080-exec-9] INFO  com.example.demo.controller.TestController - Ứng dụng bắt đầu chạy!
2025-04-13 08:47:04 [http-nio-8080-exec-10] INFO  com.example.demo.controller.TestController - Ứng dụng bắt đầu chạy!
2025-04-13 08:47:05 [http-nio-8080-exec-2] INFO  com.example.demo.controller.TestController - Ứng dụng bắt đầu chạy!
2025-04-13 08:47:14 [http-nio-8080-exec-3] INFO  com.example.demo.controller.TestController - Ứng dụng bắt đầu chạy!
2025-04-13 08:47:14 [http-nio-8080-exec-4] INFO  com.example.demo.controller.TestController - Ứng dụng bắt đầu chạy!
2025-04-13 08:47:15 [http-nio-8080-exec-5] INFO  com.example.demo.controller.TestController - Ứng dụng bắt đầu chạy!
2025-04-13 08:47:16 [http-nio-8080-exec-6] INFO  com.example.demo.controller.TestController - Ứng dụng bắt đầu chạy!
2025-04-13 08:47:17 [http-nio-8080-exec-7] INFO  com.example.demo.controller.TestController - Ứng dụng bắt đầu chạy!
2025-04-13 08:47:18 [http-nio-8080-exec-8] INFO  com.example.demo.controller.TestController - Ứng dụng bắt đầu chạy!
2025-04-13 08:47:19 [http-nio-8080-exec-9] INFO  com.example.demo.controller.TestController - Ứng dụng bắt đầu chạy!
2025-04-13 08:47:19 [http-nio-8080-exec-1] INFO  com.example.demo.controller.TestController - Ứng dụng bắt đầu chạy!
2025-04-13 08:47:19 [http-nio-8080-exec-10] INFO  com.example.demo.controller.TestController - Ứng dụng bắt đầu chạy!
2025-04-13 08:47:20 [http-nio-8080-exec-2] INFO  com.example.demo.controller.TestController - Ứng dụng bắt đầu chạy!
2025-04-13 08:47:48 [http-nio-8080-exec-3] INFO  com.example.demo.controller.TestController - Ứng dụng bắt đầu chạy!
2025-04-13 08:47:49 [http-nio-8080-exec-4] INFO  com.example.demo.controller.TestController - Ứng dụng bắt đầu chạy!
2025-04-13 08:47:49 [http-nio-8080-exec-5] INFO  com.example.demo.controller.TestController - Ứng dụng bắt đầu chạy!
2025-04-13 08:47:49 [http-nio-8080-exec-6] INFO  com.example.demo.controller.TestController - Ứng dụng bắt đầu chạy!
2025-04-13 08:47:51 [http-nio-8080-exec-7] INFO  com.example.demo.controller.TestController - Ứng dụng bắt đầu chạy!
2025-04-13 11:48:20 [http-nio-8080-exec-9] INFO  com.example.demo.controller.TestController - Ứng dụng bắt đầu chạy!
2025-04-13 11:48:21 [http-nio-8080-exec-1] INFO  com.example.demo.controller.TestController - Ứng dụng bắt đầu chạy!
2025-04-13 11:48:21 [http-nio-8080-exec-10] INFO  com.example.demo.controller.TestController - Ứng dụng bắt đầu chạy!
2025-04-13 11:48:36 [http-nio-8080-exec-2] INFO  com.example.demo.controller.TestController - Ứng dụng bắt đầu chạy!
2025-04-13 11:48:36 [http-nio-8080-exec-3] INFO  com.example.demo.controller.TestController - Ứng dụng bắt đầu chạy!
2025-04-13 11:49:11 [http-nio-8080-exec-4] INFO  com.example.demo.controller.TestController - Ứng dụng bắt đầu chạy!
2025-04-13 11:49:13 [http-nio-8080-exec-5] INFO  com.example.demo.controller.TestController - Ứng dụng bắt đầu chạy!
2025-04-13 12:01:40 [main] INFO  com.example.demo.SimpleAppApplication - Đang khởi động ứng dụng...
2025-04-13 12:01:40 [main] INFO  com.example.demo.SimpleAppApplication - Starting SimpleAppApplication v0.0.1-SNAPSHOT using Java 17 on 192.168.198.128 with PID 208931 (/opt/app/demo-svc/lib/simple-app-0.0.1-SNAPSHOT.jar started by root in /opt/app/demo-svc)
2025-04-13 12:01:40 [main] INFO  com.example.demo.SimpleAppApplication - The following profiles are active: test
2025-04-13 12:01:40 [main] INFO  org.springframework.boot.web.embedded.tomcat.TomcatWebServer - Tomcat initialized with port(s): 8080 (http)
2025-04-13 12:01:41 [main] INFO  org.apache.coyote.http11.Http11NioProtocol - Initializing ProtocolHandler ["http-nio-8080"]
2025-04-13 12:01:41 [main] INFO  org.apache.catalina.core.StandardService - Starting service [Tomcat]
2025-04-13 12:01:41 [main] INFO  org.apache.catalina.core.StandardEngine - Starting Servlet engine: [Apache Tomcat/9.0.55]
2025-04-13 12:01:41 [main] INFO  org.apache.catalina.core.ContainerBase.[Tomcat].[localhost].[/] - Initializing Spring embedded WebApplicationContext
2025-04-13 12:01:41 [main] INFO  org.springframework.boot.web.servlet.context.ServletWebServerApplicationContext - Root WebApplicationContext: initialization completed in 567 ms
2025-04-13 12:01:41 [main] INFO  org.apache.coyote.http11.Http11NioProtocol - Starting ProtocolHandler ["http-nio-8080"]
2025-04-13 12:01:41 [main] INFO  org.springframework.boot.web.embedded.tomcat.TomcatWebServer - Tomcat started on port(s): 8080 (http) with context path ''
2025-04-13 12:01:41 [main] INFO  com.example.demo.SimpleAppApplication - Started SimpleAppApplication in 1.038 seconds (JVM running for 1.63)
2025-04-13 12:01:41 [main] INFO  com.example.demo.SimpleAppApplication - Ứng dụng đã khởi động thành công!
2025-04-13 12:02:13 [http-nio-8080-exec-1] INFO  org.apache.catalina.core.ContainerBase.[Tomcat].[localhost].[/] - Initializing Spring DispatcherServlet 'dispatcherServlet'
2025-04-13 12:02:13 [http-nio-8080-exec-1] INFO  org.springframework.web.servlet.DispatcherServlet - Initializing Servlet 'dispatcherServlet'
2025-04-13 12:02:13 [http-nio-8080-exec-1] INFO  org.springframework.web.servlet.DispatcherServlet - Completed initialization in 0 ms
2025-04-13 12:02:13 [http-nio-8080-exec-1] INFO  com.example.demo.controller.TestController - Ứng dụng bắt đầu chạy!
2025-04-13 12:02:13 [http-nio-8080-exec-2] INFO  com.example.demo.controller.TestController - Ứng dụng bắt đầu chạy!
2025-04-13 12:02:14 [http-nio-8080-exec-3] INFO  com.example.demo.controller.TestController - Ứng dụng bắt đầu chạy!
2025-04-13 12:02:14 [http-nio-8080-exec-4] INFO  com.example.demo.controller.TestController - Ứng dụng bắt đầu chạy!
2025-04-13 12:02:16 [http-nio-8080-exec-5] INFO  com.example.demo.controller.TestController - Ứng dụng bắt đầu chạy!
2025-04-13 12:02:16 [http-nio-8080-exec-6] INFO  com.example.demo.controller.TestController - Ứng dụng bắt đầu chạy!
2025-04-13 12:02:17 [http-nio-8080-exec-7] INFO  com.example.demo.controller.TestController - Ứng dụng bắt đầu chạy!
2025-04-13 12:02:17 [http-nio-8080-exec-8] INFO  com.example.demo.controller.TestController - Ứng dụng bắt đầu chạy!
2025-04-13 12:02:17 [http-nio-8080-exec-9] INFO  com.example.demo.controller.TestController - Ứng dụng bắt đầu chạy!
2025-04-13 12:02:18 [http-nio-8080-exec-10] INFO  com.example.demo.controller.TestController - Ứng dụng bắt đầu chạy!
2025-04-13 12:02:18 [http-nio-8080-exec-1] INFO  com.example.demo.controller.TestController - Ứng dụng bắt đầu chạy!
2025-04-13 12:02:39 [http-nio-8080-exec-2] INFO  com.example.demo.controller.TestController - Ứng dụng bắt đầu chạy!
2025-04-13 12:02:39 [http-nio-8080-exec-3] INFO  com.example.demo.controller.TestController - Ứng dụng bắt đầu chạy!
2025-04-13 12:02:40 [http-nio-8080-exec-4] INFO  com.example.demo.controller.TestController - Ứng dụng bắt đầu chạy!
2025-04-13 12:02:41 [http-nio-8080-exec-5] INFO  com.example.demo.controller.TestController - Ứng dụng bắt đầu chạy!
2025-04-13 12:02:41 [http-nio-8080-exec-6] INFO  com.example.demo.controller.TestController - Ứng dụng bắt đầu chạy!
2025-04-13 12:02:42 [http-nio-8080-exec-7] INFO  com.example.demo.controller.TestController - Ứng dụng bắt đầu chạy!
2025-04-13 12:02:42 [http-nio-8080-exec-8] INFO  com.example.demo.controller.TestController - Ứng dụng bắt đầu chạy!
2025-04-13 12:02:43 [http-nio-8080-exec-9] INFO  com.example.demo.controller.TestController - Ứng dụng bắt đầu chạy!
2025-04-13 12:02:44 [http-nio-8080-exec-10] INFO  com.example.demo.controller.TestController - Ứng dụng bắt đầu chạy!
2025-04-13 12:02:44 [http-nio-8080-exec-1] INFO  com.example.demo.controller.TestController - Ứng dụng bắt đầu chạy!
2025-04-13 12:02:45 [http-nio-8080-exec-2] INFO  com.example.demo.controller.TestController - Ứng dụng bắt đầu chạy!
2025-04-13 12:02:49 [http-nio-8080-exec-3] INFO  com.example.demo.controller.TestController - Ứng dụng bắt đầu chạy!
2025-04-13 12:02:49 [http-nio-8080-exec-4] INFO  com.example.demo.controller.TestController - Ứng dụng bắt đầu chạy!
2025-04-13 12:02:50 [http-nio-8080-exec-5] INFO  com.example.demo.controller.TestController - Ứng dụng bắt đầu chạy!
2025-04-13 12:02:50 [http-nio-8080-exec-6] INFO  com.example.demo.controller.TestController - Ứng dụng bắt đầu chạy!
2025-04-13 12:02:59 [http-nio-8080-exec-7] INFO  com.example.demo.controller.TestController - Ứng dụng bắt đầu chạy!
2025-04-13 12:03:00 [http-nio-8080-exec-8] INFO  com.example.demo.controller.TestController - Ứng dụng bắt đầu chạy!
2025-04-13 12:03:01 [http-nio-8080-exec-9] INFO  com.example.demo.controller.TestController - Ứng dụng bắt đầu chạy!
2025-04-13 12:03:01 [http-nio-8080-exec-10] INFO  com.example.demo.controller.TestController - Ứng dụng bắt đầu chạy!
2025-04-13 12:03:01 [http-nio-8080-exec-1] INFO  com.example.demo.controller.TestController - Ứng dụng bắt đầu chạy!
2025-04-13 12:03:02 [http-nio-8080-exec-2] INFO  com.example.demo.controller.TestController - Ứng dụng bắt đầu chạy!
2025-04-13 12:03:03 [http-nio-8080-exec-3] INFO  com.example.demo.controller.TestController - Ứng dụng bắt đầu chạy!
2025-04-13 12:03:18 [http-nio-8080-exec-4] INFO  com.example.demo.controller.TestController - Ứng dụng bắt đầu chạy!
2025-04-13 12:03:18 [http-nio-8080-exec-5] INFO  com.example.demo.controller.TestController - Ứng dụng bắt đầu chạy!
2025-04-13 12:03:19 [http-nio-8080-exec-6] INFO  com.example.demo.controller.TestController - Ứng dụng bắt đầu chạy!
2025-04-13 12:03:19 [http-nio-8080-exec-7] INFO  com.example.demo.controller.TestController - Ứng dụng bắt đầu chạy!
2025-04-13 12:03:20 [http-nio-8080-exec-8] INFO  com.example.demo.controller.TestController - Ứng dụng bắt đầu chạy!
2025-04-13 12:03:20 [http-nio-8080-exec-9] INFO  com.example.demo.controller.TestController - Ứng dụng bắt đầu chạy!
2025-04-13 12:03:24 [http-nio-8080-exec-10] INFO  com.example.demo.controller.TestController - Ứng dụng bắt đầu chạy!
2025-04-13 12:03:24 [http-nio-8080-exec-1] INFO  com.example.demo.controller.TestController - Ứng dụng bắt đầu chạy!
2025-04-13 12:03:25 [http-nio-8080-exec-2] INFO  com.example.demo.controller.TestController - Ứng dụng bắt đầu chạy!
2025-04-13 12:03:43 [http-nio-8080-exec-3] INFO  com.example.demo.controller.TestController - Ứng dụng bắt đầu chạy!
2025-04-13 12:03:44 [http-nio-8080-exec-4] INFO  com.example.demo.controller.TestController - Ứng dụng bắt đầu chạy!
2025-04-13 12:03:44 [http-nio-8080-exec-5] INFO  com.example.demo.controller.TestController - Ứng dụng bắt đầu chạy!
2025-04-13 12:04:42 [http-nio-8080-exec-6] INFO  com.example.demo.controller.TestController - Ứng dụng bắt đầu chạy!
2025-04-13 12:04:43 [http-nio-8080-exec-7] INFO  com.example.demo.controller.TestController - Ứng dụng bắt đầu chạy!
2025-04-13 12:05:08 [http-nio-8080-exec-8] INFO  com.example.demo.controller.TestController - Ứng dụng bắt đầu chạy!
2025-04-13 12:05:08 [http-nio-8080-exec-9] INFO  com.example.demo.controller.TestController - Ứng dụng bắt đầu chạy!
2025-04-13 12:05:09 [http-nio-8080-exec-10] INFO  com.example.demo.controller.TestController - Ứng dụng bắt đầu chạy!
2025-04-13 12:05:10 [http-nio-8080-exec-1] INFO  com.example.demo.controller.TestController - Ứng dụng bắt đầu chạy!
2025-04-13 12:05:10 [http-nio-8080-exec-2] INFO  com.example.demo.controller.TestController - Ứng dụng bắt đầu chạy!
2025-04-13 12:05:33 [http-nio-8080-exec-3] INFO  com.example.demo.controller.TestController - Ứng dụng bắt đầu chạy!
2025-04-13 12:05:34 [http-nio-8080-exec-4] INFO  com.example.demo.controller.TestController - Ứng dụng bắt đầu chạy!
2025-04-13 12:05:35 [http-nio-8080-exec-5] INFO  com.example.demo.controller.TestController - Ứng dụng bắt đầu chạy!
2025-04-13 12:05:36 [http-nio-8080-exec-6] INFO  com.example.demo.controller.TestController - Ứng dụng bắt đầu chạy!
2025-04-13 12:05:37 [http-nio-8080-exec-7] INFO  com.example.demo.controller.TestController - Ứng dụng bắt đầu chạy!
