2025-04-14 22:43:45 [main] INFO  com.example.demo.SimpleAppApplication - Đang khởi động ứng dụng...
2025-04-14 22:43:45 [main] INFO  com.example.demo.SimpleAppApplication - Starting SimpleAppApplication v0.0.1-SNAPSHOT using Java 21.0.6 on 192.168.198.128 with PID 6195 (/opt/app/demo-svc/lib/simple-app-0.0.1-SNAPSHOT.jar started by root in /opt/app/demo-svc)
2025-04-14 22:43:45 [main] INFO  com.example.demo.SimpleAppApplication - The following profiles are active: test
2025-04-14 22:43:46 [main] INFO  org.springframework.boot.web.embedded.tomcat.TomcatWebServer - Tomcat initialized with port(s): 8080 (http)
2025-04-14 22:43:46 [main] INFO  org.apache.coyote.http11.Http11NioProtocol - Initializing ProtocolHandler ["http-nio-8080"]
2025-04-14 22:43:46 [main] INFO  org.apache.catalina.core.StandardService - Starting service [Tomcat]
2025-04-14 22:43:46 [main] INFO  org.apache.catalina.core.StandardEngine - Starting Servlet engine: [Apache Tomcat/9.0.55]
2025-04-14 22:43:46 [main] INFO  org.apache.catalina.core.ContainerBase.[Tomcat].[localhost].[/] - Initializing Spring embedded WebApplicationContext
2025-04-14 22:43:46 [main] INFO  org.springframework.boot.web.servlet.context.ServletWebServerApplicationContext - Root WebApplicationContext: initialization completed in 557 ms
2025-04-14 22:43:46 [main] INFO  org.apache.coyote.http11.Http11NioProtocol - Starting ProtocolHandler ["http-nio-8080"]
2025-04-14 22:43:46 [main] INFO  org.springframework.boot.web.embedded.tomcat.TomcatWebServer - Tomcat started on port(s): 8080 (http) with context path ''
2025-04-14 22:43:46 [main] INFO  com.example.demo.SimpleAppApplication - Started SimpleAppApplication in 1.074 seconds (JVM running for 1.705)
2025-04-14 22:43:46 [main] INFO  com.example.demo.SimpleAppApplication - Ứng dụng đã khởi động thành công!
2025-04-14 22:43:48 [http-nio-8080-exec-1] INFO  org.apache.catalina.core.ContainerBase.[Tomcat].[localhost].[/] - Initializing Spring DispatcherServlet 'dispatcherServlet'
2025-04-14 22:43:48 [http-nio-8080-exec-1] INFO  org.springframework.web.servlet.DispatcherServlet - Initializing Servlet 'dispatcherServlet'
2025-04-14 22:43:48 [http-nio-8080-exec-1] INFO  org.springframework.web.servlet.DispatcherServlet - Completed initialization in 0 ms
2025-04-14 22:43:48 [http-nio-8080-exec-1] INFO  com.example.demo.controller.TestController - Ứng dụng bắt đầu chạy!
2025-04-14 22:43:52 [http-nio-8080-exec-2] INFO  com.example.demo.controller.TestController - Ứng dụng bắt đầu chạy!
2025-04-14 22:43:55 [http-nio-8080-exec-3] INFO  com.example.demo.controller.TestController - Ứng dụng bắt đầu chạy!
2025-04-14 22:43:57 [http-nio-8080-exec-4] INFO  com.example.demo.controller.TestController - Ứng dụng bắt đầu chạy!
2025-04-14 22:43:57 [http-nio-8080-exec-5] INFO  com.example.demo.controller.TestController - Ứng dụng bắt đầu chạy!
