2025-04-19 00:00:12 [http-nio-8088-exec-1] INFO  org.springframework.cloud.config.server.environment.NativeEnvironmentRepository - Adding property source: Config resource 'file [D:\DATA\JAVA\Technical\sample-spring-microservices\config-service\config\gateway-service.yml]' via location 'file:///D:/DATA/JAVA/Technical/sample-spring-microservices/config-service/config/'
2025-04-19 00:00:20 [http-nio-8088-exec-2] INFO  org.springframework.cloud.config.server.environment.NativeEnvironmentRepository - Adding property source: Config resource 'file [D:\DATA\JAVA\Technical\sample-spring-microservices\config-service\config\gateway-service.yml]' via location 'file:///D:/DATA/JAVA/Technical/sample-spring-microservices/config-service/config/'
2025-04-19 00:03:59 [http-nio-8088-exec-5] INFO  org.springframework.cloud.config.server.environment.NativeEnvironmentRepository - Adding property source: Config resource 'file [D:\DATA\JAVA\Technical\sample-spring-microservices\config-service\config\gateway-service.yml]' via location 'file:///D:/DATA/JAVA/Technical/sample-spring-microservices/config-service/config/'
2025-04-19 00:11:02 [main] INFO  pl.piomin.services.config.ConfigApplication - Đang khởi động ứng dụng...
2025-04-19 00:11:03 [background-preinit] INFO  org.hibernate.validator.internal.util.Version - HV000001: Hibernate Validator 8.0.2.Final
2025-04-19 00:11:03 [main] INFO  pl.piomin.services.config.ConfigApplication - Starting ConfigApplication using Java 21.0.3 with PID 5828 (D:\DATA\JAVA\Technical\sample-spring-microservices\config-service\target\classes started by WINDOWS in D:\DATA\JAVA\Technical\sample-spring-microservices\config-service)
2025-04-19 00:11:03 [main] INFO  pl.piomin.services.config.ConfigApplication - The following 1 profile is active: "native"
2025-04-19 00:11:03 [main] INFO  org.springframework.cloud.context.scope.GenericScope - BeanFactory id=e41ee321-98a2-3d2d-a821-b739b4db80c6
2025-04-19 00:11:04 [main] INFO  org.springframework.boot.web.embedded.tomcat.TomcatWebServer - Tomcat initialized with port 8088 (http)
2025-04-19 00:11:04 [main] INFO  org.apache.coyote.http11.Http11NioProtocol - Initializing ProtocolHandler ["http-nio-8088"]
2025-04-19 00:11:04 [main] INFO  org.apache.catalina.core.StandardService - Starting service [Tomcat]
2025-04-19 00:11:04 [main] INFO  org.apache.catalina.core.StandardEngine - Starting Servlet engine: [Apache Tomcat/10.1.36]
2025-04-19 00:11:04 [main] INFO  org.apache.catalina.core.ContainerBase.[Tomcat].[localhost].[/] - Initializing Spring embedded WebApplicationContext
2025-04-19 00:11:04 [main] INFO  org.springframework.boot.web.servlet.context.ServletWebServerApplicationContext - Root WebApplicationContext: initialization completed in 682 ms
2025-04-19 00:11:04 [main] INFO  org.apache.coyote.http11.Http11NioProtocol - Starting ProtocolHandler ["http-nio-8088"]
2025-04-19 00:11:04 [main] INFO  org.springframework.boot.web.embedded.tomcat.TomcatWebServer - Tomcat started on port 8088 (http) with context path '/'
2025-04-19 00:11:04 [main] INFO  pl.piomin.services.config.ConfigApplication - Started ConfigApplication in 1.53 seconds (process running for 2.564)
2025-04-19 00:11:04 [main] INFO  pl.piomin.services.config.ConfigApplication - Đã khởi động ứng dụng...
2025-04-19 00:11:09 [http-nio-8088-exec-1] INFO  org.apache.catalina.core.ContainerBase.[Tomcat].[localhost].[/] - Initializing Spring DispatcherServlet 'dispatcherServlet'
2025-04-19 00:11:09 [http-nio-8088-exec-1] INFO  org.springframework.web.servlet.DispatcherServlet - Initializing Servlet 'dispatcherServlet'
2025-04-19 00:11:09 [http-nio-8088-exec-1] INFO  org.springframework.web.servlet.DispatcherServlet - Completed initialization in 0 ms
2025-04-19 00:11:09 [http-nio-8088-exec-1] INFO  org.springframework.cloud.config.server.environment.NativeEnvironmentRepository - Adding property source: Config resource 'file [D:\DATA\JAVA\Technical\sample-spring-microservices\config-service\config\discovery-service.yml]' via location 'file:///D:/DATA/JAVA/Technical/sample-spring-microservices/config-service/config/'
2025-04-19 00:11:42 [http-nio-8088-exec-2] INFO  org.springframework.cloud.config.server.environment.NativeEnvironmentRepository - Adding property source: Config resource 'file [D:\DATA\JAVA\Technical\sample-spring-microservices\config-service\config\gateway-service.yml]' via location 'file:///D:/DATA/JAVA/Technical/sample-spring-microservices/config-service/config/'
2025-04-19 00:13:27 [main] INFO  pl.piomin.services.config.ConfigApplication - Đang khởi động ứng dụng...
2025-04-19 00:13:27 [background-preinit] INFO  org.hibernate.validator.internal.util.Version - HV000001: Hibernate Validator 8.0.2.Final
2025-04-19 00:13:27 [main] INFO  pl.piomin.services.config.ConfigApplication - Starting ConfigApplication using Java 21.0.3 with PID 4360 (D:\DATA\JAVA\Technical\sample-spring-microservices\config-service\target\classes started by WINDOWS in D:\DATA\JAVA\Technical\sample-spring-microservices\config-service)
2025-04-19 00:13:27 [main] INFO  pl.piomin.services.config.ConfigApplication - The following 1 profile is active: "native"
2025-04-19 00:13:28 [main] INFO  org.springframework.cloud.context.scope.GenericScope - BeanFactory id=e41ee321-98a2-3d2d-a821-b739b4db80c6
2025-04-19 00:13:28 [main] INFO  org.springframework.boot.web.embedded.tomcat.TomcatWebServer - Tomcat initialized with port 8088 (http)
2025-04-19 00:13:28 [main] INFO  org.apache.coyote.http11.Http11NioProtocol - Initializing ProtocolHandler ["http-nio-8088"]
2025-04-19 00:13:28 [main] INFO  org.apache.catalina.core.StandardService - Starting service [Tomcat]
2025-04-19 00:13:28 [main] INFO  org.apache.catalina.core.StandardEngine - Starting Servlet engine: [Apache Tomcat/10.1.36]
2025-04-19 00:13:28 [main] INFO  org.apache.catalina.core.ContainerBase.[Tomcat].[localhost].[/] - Initializing Spring embedded WebApplicationContext
2025-04-19 00:13:28 [main] INFO  org.springframework.boot.web.servlet.context.ServletWebServerApplicationContext - Root WebApplicationContext: initialization completed in 701 ms
2025-04-19 00:13:28 [main] INFO  org.apache.coyote.http11.Http11NioProtocol - Starting ProtocolHandler ["http-nio-8088"]
2025-04-19 00:13:28 [main] INFO  org.springframework.boot.web.embedded.tomcat.TomcatWebServer - Tomcat started on port 8088 (http) with context path '/'
2025-04-19 00:13:28 [main] INFO  pl.piomin.services.config.ConfigApplication - Started ConfigApplication in 1.55 seconds (process running for 2.549)
2025-04-19 00:13:28 [main] INFO  pl.piomin.services.config.ConfigApplication - Đã khởi động ứng dụng...
2025-04-19 00:13:36 [http-nio-8088-exec-1] INFO  org.apache.catalina.core.ContainerBase.[Tomcat].[localhost].[/] - Initializing Spring DispatcherServlet 'dispatcherServlet'
2025-04-19 00:13:36 [http-nio-8088-exec-1] INFO  org.springframework.web.servlet.DispatcherServlet - Initializing Servlet 'dispatcherServlet'
2025-04-19 00:13:36 [http-nio-8088-exec-1] INFO  org.springframework.web.servlet.DispatcherServlet - Completed initialization in 1 ms
2025-04-19 00:13:36 [http-nio-8088-exec-1] INFO  org.springframework.cloud.config.server.environment.NativeEnvironmentRepository - Adding property source: Config resource 'file [D:\DATA\JAVA\Technical\sample-spring-microservices\config-service\config\discovery-service.yml]' via location 'file:///D:/DATA/JAVA/Technical/sample-spring-microservices/config-service/config/'
2025-04-19 00:14:47 [main] INFO  pl.piomin.services.config.ConfigApplication - Đang khởi động ứng dụng...
2025-04-19 00:14:48 [background-preinit] INFO  org.hibernate.validator.internal.util.Version - HV000001: Hibernate Validator 8.0.2.Final
2025-04-19 00:14:48 [main] INFO  pl.piomin.services.config.ConfigApplication - Starting ConfigApplication using Java 21.0.3 with PID 13812 (D:\DATA\JAVA\Technical\sample-spring-microservices\config-service\target\classes started by WINDOWS in D:\DATA\JAVA\Technical\sample-spring-microservices\config-service)
2025-04-19 00:14:48 [main] INFO  pl.piomin.services.config.ConfigApplication - The following 1 profile is active: "native"
2025-04-19 00:14:48 [main] INFO  org.springframework.cloud.context.scope.GenericScope - BeanFactory id=e41ee321-98a2-3d2d-a821-b739b4db80c6
2025-04-19 00:14:48 [main] INFO  org.springframework.boot.web.embedded.tomcat.TomcatWebServer - Tomcat initialized with port 8088 (http)
2025-04-19 00:14:48 [main] INFO  org.apache.coyote.http11.Http11NioProtocol - Initializing ProtocolHandler ["http-nio-8088"]
2025-04-19 00:14:48 [main] INFO  org.apache.catalina.core.StandardService - Starting service [Tomcat]
2025-04-19 00:14:48 [main] INFO  org.apache.catalina.core.StandardEngine - Starting Servlet engine: [Apache Tomcat/10.1.36]
2025-04-19 00:14:48 [main] INFO  org.apache.catalina.core.ContainerBase.[Tomcat].[localhost].[/] - Initializing Spring embedded WebApplicationContext
2025-04-19 00:14:48 [main] INFO  org.springframework.boot.web.servlet.context.ServletWebServerApplicationContext - Root WebApplicationContext: initialization completed in 707 ms
2025-04-19 00:14:49 [main] INFO  org.apache.coyote.http11.Http11NioProtocol - Starting ProtocolHandler ["http-nio-8088"]
2025-04-19 00:14:49 [main] INFO  org.springframework.boot.web.embedded.tomcat.TomcatWebServer - Tomcat started on port 8088 (http) with context path '/'
2025-04-19 00:14:49 [main] INFO  pl.piomin.services.config.ConfigApplication - Started ConfigApplication in 1.527 seconds (process running for 2.596)
2025-04-19 00:14:49 [main] INFO  pl.piomin.services.config.ConfigApplication - Đã khởi động ứng dụng...
2025-04-19 00:14:53 [http-nio-8088-exec-1] INFO  org.apache.catalina.core.ContainerBase.[Tomcat].[localhost].[/] - Initializing Spring DispatcherServlet 'dispatcherServlet'
2025-04-19 00:14:53 [http-nio-8088-exec-1] INFO  org.springframework.web.servlet.DispatcherServlet - Initializing Servlet 'dispatcherServlet'
2025-04-19 00:14:53 [http-nio-8088-exec-1] INFO  org.springframework.web.servlet.DispatcherServlet - Completed initialization in 1 ms
2025-04-19 00:14:53 [http-nio-8088-exec-1] INFO  org.springframework.cloud.config.server.environment.NativeEnvironmentRepository - Adding property source: Config resource 'file [D:\DATA\JAVA\Technical\sample-spring-microservices\config-service\config\discovery-service.yml]' via location 'file:///D:/DATA/JAVA/Technical/sample-spring-microservices/config-service/config/'
2025-04-19 00:15:01 [http-nio-8088-exec-2] INFO  org.springframework.cloud.config.server.environment.NativeEnvironmentRepository - Adding property source: Config resource 'file [D:\DATA\JAVA\Technical\sample-spring-microservices\config-service\config\gateway-service.yml]' via location 'file:///D:/DATA/JAVA/Technical/sample-spring-microservices/config-service/config/'
2025-04-19 20:21:48 [main] INFO  pl.piomin.services.config.ConfigApplication - Đang khởi động ứng dụng...
2025-04-19 20:21:48 [background-preinit] INFO  org.hibernate.validator.internal.util.Version - HV000001: Hibernate Validator 8.0.2.Final
2025-04-19 20:21:48 [main] INFO  pl.piomin.services.config.ConfigApplication - Starting ConfigApplication using Java 21.0.3 with PID 10412 (D:\DATA\JAVA\Technical\sample-spring-microservices\config-service\target\classes started by WINDOWS in D:\DATA\JAVA\Technical\sample-spring-microservices\config-service)
2025-04-19 20:21:48 [main] INFO  pl.piomin.services.config.ConfigApplication - The following 1 profile is active: "native"
2025-04-19 20:21:49 [main] INFO  org.springframework.cloud.context.scope.GenericScope - BeanFactory id=e41ee321-98a2-3d2d-a821-b739b4db80c6
2025-04-19 20:21:49 [main] INFO  org.springframework.boot.web.embedded.tomcat.TomcatWebServer - Tomcat initialized with port 8088 (http)
2025-04-19 20:21:49 [main] INFO  org.apache.coyote.http11.Http11NioProtocol - Initializing ProtocolHandler ["http-nio-8088"]
2025-04-19 20:21:49 [main] INFO  org.apache.catalina.core.StandardService - Starting service [Tomcat]
2025-04-19 20:21:49 [main] INFO  org.apache.catalina.core.StandardEngine - Starting Servlet engine: [Apache Tomcat/10.1.36]
2025-04-19 20:21:49 [main] INFO  org.apache.catalina.core.ContainerBase.[Tomcat].[localhost].[/] - Initializing Spring embedded WebApplicationContext
2025-04-19 20:21:49 [main] INFO  org.springframework.boot.web.servlet.context.ServletWebServerApplicationContext - Root WebApplicationContext: initialization completed in 796 ms
2025-04-19 20:21:50 [main] INFO  org.apache.coyote.http11.Http11NioProtocol - Starting ProtocolHandler ["http-nio-8088"]
2025-04-19 20:21:50 [main] INFO  org.springframework.boot.web.embedded.tomcat.TomcatWebServer - Tomcat started on port 8088 (http) with context path '/'
2025-04-19 20:21:50 [main] INFO  pl.piomin.services.config.ConfigApplication - Started ConfigApplication in 1.656 seconds (process running for 2.736)
2025-04-19 20:21:50 [main] INFO  pl.piomin.services.config.ConfigApplication - Đã khởi động ứng dụng...
2025-04-19 20:23:53 [http-nio-8088-exec-1] INFO  org.apache.catalina.core.ContainerBase.[Tomcat].[localhost].[/] - Initializing Spring DispatcherServlet 'dispatcherServlet'
2025-04-19 20:23:53 [http-nio-8088-exec-1] INFO  org.springframework.web.servlet.DispatcherServlet - Initializing Servlet 'dispatcherServlet'
2025-04-19 20:23:53 [http-nio-8088-exec-1] INFO  org.springframework.web.servlet.DispatcherServlet - Completed initialization in 1 ms
2025-04-19 20:23:53 [http-nio-8088-exec-1] INFO  org.springframework.cloud.config.server.environment.NativeEnvironmentRepository - Adding property source: Config resource 'file [D:\DATA\JAVA\Technical\sample-spring-microservices\config-service\config\discovery-service.yml]' via location 'file:///D:/DATA/JAVA/Technical/sample-spring-microservices/config-service/config/'
2025-04-19 20:42:39 [http-nio-8088-exec-3] INFO  org.springframework.cloud.config.server.environment.NativeEnvironmentRepository - Adding property source: Config resource 'file [D:\DATA\JAVA\Technical\sample-spring-microservices\config-service\config\discovery-service.yml]' via location 'file:///D:/DATA/JAVA/Technical/sample-spring-microservices/config-service/config/'
2025-04-19 20:43:23 [http-nio-8088-exec-5] INFO  org.springframework.cloud.config.server.environment.NativeEnvironmentRepository - Adding property source: Config resource 'file [D:\DATA\JAVA\Technical\sample-spring-microservices\config-service\config\discovery-service.yml]' via location 'file:///D:/DATA/JAVA/Technical/sample-spring-microservices/config-service/config/'
2025-04-19 20:48:28 [http-nio-8088-exec-7] INFO  org.springframework.cloud.config.server.environment.NativeEnvironmentRepository - Adding property source: Config resource 'file [D:\DATA\JAVA\Technical\sample-spring-microservices\config-service\config\discovery-service.yml]' via location 'file:///D:/DATA/JAVA/Technical/sample-spring-microservices/config-service/config/'
2025-04-19 20:54:40 [http-nio-8088-exec-9] INFO  org.springframework.cloud.config.server.environment.NativeEnvironmentRepository - Adding property source: Config resource 'file [D:\DATA\JAVA\Technical\sample-spring-microservices\config-service\config\discovery-service.yml]' via location 'file:///D:/DATA/JAVA/Technical/sample-spring-microservices/config-service/config/'
2025-04-19 20:56:48 [http-nio-8088-exec-1] INFO  org.springframework.cloud.config.server.environment.NativeEnvironmentRepository - Adding property source: Config resource 'file [D:\DATA\JAVA\Technical\sample-spring-microservices\config-service\config\gateway-service.yml]' via location 'file:///D:/DATA/JAVA/Technical/sample-spring-microservices/config-service/config/'
2025-04-19 21:04:09 [http-nio-8088-exec-3] INFO  org.springframework.cloud.config.server.environment.NativeEnvironmentRepository - Adding property source: Config resource 'file [D:\DATA\JAVA\Technical\sample-spring-microservices\config-service\config\gateway-service.yml]' via location 'file:///D:/DATA/JAVA/Technical/sample-spring-microservices/config-service/config/'
2025-04-19 21:17:11 [http-nio-8088-exec-5] INFO  org.springframework.cloud.config.server.environment.NativeEnvironmentRepository - Adding property source: Config resource 'file [D:\DATA\JAVA\Technical\sample-spring-microservices\config-service\config\gateway-service.yml]' via location 'file:///D:/DATA/JAVA/Technical/sample-spring-microservices/config-service/config/'
2025-04-19 21:17:29 [http-nio-8088-exec-6] INFO  org.springframework.cloud.config.server.environment.NativeEnvironmentRepository - Adding property source: Config resource 'file [D:\DATA\JAVA\Technical\sample-spring-microservices\config-service\config\department-service.yml]' via location 'file:///D:/DATA/JAVA/Technical/sample-spring-microservices/config-service/config/'
