2025-04-20 09:59:35 [main] INFO  pl.piomin.services.config.ConfigApplication - Đang khởi động ứng dụng...
2025-04-20 09:59:35 [background-preinit] INFO  org.hibernate.validator.internal.util.Version - HV000001: Hibernate Validator 8.0.2.Final
2025-04-20 09:59:35 [main] INFO  pl.piomin.services.config.ConfigApplication - Starting ConfigApplication using Java 21.0.3 with PID 10788 (D:\DATA\JAVA\Technical\sample-spring-microservices\config-service\target\classes started by WINDOWS in D:\DATA\JAVA\Technical\sample-spring-microservices\config-service)
2025-04-20 09:59:35 [main] INFO  pl.piomin.services.config.ConfigApplication - The following 1 profile is active: "native"
2025-04-20 09:59:36 [main] INFO  org.springframework.cloud.context.scope.GenericScope - BeanFactory id=e41ee321-98a2-3d2d-a821-b739b4db80c6
2025-04-20 09:59:36 [main] INFO  org.springframework.boot.web.embedded.tomcat.TomcatWebServer - Tomcat initialized with port 8088 (http)
2025-04-20 09:59:36 [main] INFO  org.apache.coyote.http11.Http11NioProtocol - Initializing ProtocolHandler ["http-nio-8088"]
2025-04-20 09:59:36 [main] INFO  org.apache.catalina.core.StandardService - Starting service [Tomcat]
2025-04-20 09:59:36 [main] INFO  org.apache.catalina.core.StandardEngine - Starting Servlet engine: [Apache Tomcat/10.1.36]
2025-04-20 09:59:36 [main] INFO  org.apache.catalina.core.ContainerBase.[Tomcat].[localhost].[/] - Initializing Spring embedded WebApplicationContext
2025-04-20 09:59:36 [main] INFO  org.springframework.boot.web.servlet.context.ServletWebServerApplicationContext - Root WebApplicationContext: initialization completed in 718 ms
2025-04-20 09:59:37 [main] INFO  org.apache.coyote.http11.Http11NioProtocol - Starting ProtocolHandler ["http-nio-8088"]
2025-04-20 09:59:37 [main] INFO  org.springframework.boot.web.embedded.tomcat.TomcatWebServer - Tomcat started on port 8088 (http) with context path '/'
2025-04-20 09:59:37 [main] INFO  pl.piomin.services.config.ConfigApplication - Started ConfigApplication in 1.556 seconds (process running for 2.63)
2025-04-20 09:59:37 [main] INFO  pl.piomin.services.config.ConfigApplication - Đã khởi động ứng dụng...
2025-04-20 09:59:54 [main] INFO  pl.piomin.services.config.ConfigApplication - Đang khởi động ứng dụng...
2025-04-20 09:59:55 [background-preinit] INFO  org.hibernate.validator.internal.util.Version - HV000001: Hibernate Validator 8.0.2.Final
2025-04-20 09:59:55 [main] INFO  pl.piomin.services.config.ConfigApplication - Starting ConfigApplication using Java 21.0.3 with PID 12720 (D:\DATA\JAVA\Technical\sample-spring-microservices\config-service\target\classes started by WINDOWS in D:\DATA\JAVA\Technical\sample-spring-microservices\config-service)
2025-04-20 09:59:55 [main] INFO  pl.piomin.services.config.ConfigApplication - The following 1 profile is active: "native"
2025-04-20 09:59:55 [main] INFO  org.springframework.cloud.context.scope.GenericScope - BeanFactory id=e41ee321-98a2-3d2d-a821-b739b4db80c6
2025-04-20 09:59:55 [main] INFO  org.springframework.boot.web.embedded.tomcat.TomcatWebServer - Tomcat initialized with port 8088 (http)
2025-04-20 09:59:55 [main] INFO  org.apache.coyote.http11.Http11NioProtocol - Initializing ProtocolHandler ["http-nio-8088"]
2025-04-20 09:59:55 [main] INFO  org.apache.catalina.core.StandardService - Starting service [Tomcat]
2025-04-20 09:59:55 [main] INFO  org.apache.catalina.core.StandardEngine - Starting Servlet engine: [Apache Tomcat/10.1.36]
2025-04-20 09:59:55 [main] INFO  org.apache.catalina.core.ContainerBase.[Tomcat].[localhost].[/] - Initializing Spring embedded WebApplicationContext
2025-04-20 09:59:55 [main] INFO  org.springframework.boot.web.servlet.context.ServletWebServerApplicationContext - Root WebApplicationContext: initialization completed in 746 ms
2025-04-20 09:59:56 [main] INFO  org.apache.coyote.http11.Http11NioProtocol - Starting ProtocolHandler ["http-nio-8088"]
2025-04-20 09:59:56 [main] INFO  org.springframework.boot.web.embedded.tomcat.TomcatWebServer - Tomcat started on port 8088 (http) with context path '/'
2025-04-20 09:59:56 [main] INFO  pl.piomin.services.config.ConfigApplication - Started ConfigApplication in 1.621 seconds (process running for 2.702)
2025-04-20 09:59:56 [main] INFO  pl.piomin.services.config.ConfigApplication - Đã khởi động ứng dụng...
2025-04-20 10:00:00 [http-nio-8088-exec-1] INFO  org.apache.catalina.core.ContainerBase.[Tomcat].[localhost].[/] - Initializing Spring DispatcherServlet 'dispatcherServlet'
2025-04-20 10:00:00 [http-nio-8088-exec-1] INFO  org.springframework.web.servlet.DispatcherServlet - Initializing Servlet 'dispatcherServlet'
2025-04-20 10:00:00 [http-nio-8088-exec-1] INFO  org.springframework.web.servlet.DispatcherServlet - Completed initialization in 1 ms
2025-04-20 10:00:00 [http-nio-8088-exec-1] INFO  org.springframework.cloud.config.server.environment.NativeEnvironmentRepository - Adding property source: Config resource 'file [D:\DATA\JAVA\Technical\sample-spring-microservices\config-service\config\discovery-service.yml]' via location 'file:///D:/DATA/JAVA/Technical/sample-spring-microservices/config-service/config/'
2025-04-20 10:02:27 [http-nio-8088-exec-3] INFO  org.springframework.cloud.config.server.environment.NativeEnvironmentRepository - Adding property source: Config resource 'file [D:\DATA\JAVA\Technical\sample-spring-microservices\config-service\config\discovery-service.yml]' via location 'file:///D:/DATA/JAVA/Technical/sample-spring-microservices/config-service/config/'
2025-04-20 10:02:34 [http-nio-8088-exec-5] INFO  org.springframework.cloud.config.server.environment.NativeEnvironmentRepository - Adding property source: Config resource 'file [D:\DATA\JAVA\Technical\sample-spring-microservices\config-service\config\discovery-service.yml]' via location 'file:///D:/DATA/JAVA/Technical/sample-spring-microservices/config-service/config/'
2025-04-20 12:39:06 [main] INFO  pl.piomin.services.config.ConfigApplication - Đang khởi động ứng dụng...
2025-04-20 12:39:06 [background-preinit] INFO  org.hibernate.validator.internal.util.Version - HV000001: Hibernate Validator 8.0.2.Final
2025-04-20 12:39:06 [main] INFO  pl.piomin.services.config.ConfigApplication - Starting ConfigApplication using Java 21.0.3 with PID 12608 (D:\DATA\JAVA\Technical\sample-spring-microservices-netfix-eureka\sample-spring-microservices\config-service\target\classes started by WINDOWS in D:\DATA\JAVA\Technical\sample-spring-microservices-netfix-eureka\sample-spring-microservices\config-service)
2025-04-20 12:39:06 [main] INFO  pl.piomin.services.config.ConfigApplication - The following 1 profile is active: "native"
2025-04-20 12:39:07 [main] INFO  org.springframework.cloud.context.scope.GenericScope - BeanFactory id=e41ee321-98a2-3d2d-a821-b739b4db80c6
2025-04-20 12:39:07 [main] INFO  org.springframework.boot.web.embedded.tomcat.TomcatWebServer - Tomcat initialized with port 8088 (http)
2025-04-20 12:39:07 [main] INFO  org.apache.coyote.http11.Http11NioProtocol - Initializing ProtocolHandler ["http-nio-8088"]
2025-04-20 12:39:07 [main] INFO  org.apache.catalina.core.StandardService - Starting service [Tomcat]
2025-04-20 12:39:07 [main] INFO  org.apache.catalina.core.StandardEngine - Starting Servlet engine: [Apache Tomcat/10.1.36]
2025-04-20 12:39:07 [main] INFO  org.apache.catalina.core.ContainerBase.[Tomcat].[localhost].[/] - Initializing Spring embedded WebApplicationContext
2025-04-20 12:39:07 [main] INFO  org.springframework.boot.web.servlet.context.ServletWebServerApplicationContext - Root WebApplicationContext: initialization completed in 633 ms
2025-04-20 12:39:07 [main] INFO  org.apache.coyote.http11.Http11NioProtocol - Starting ProtocolHandler ["http-nio-8088"]
2025-04-20 12:39:07 [main] INFO  org.springframework.boot.web.embedded.tomcat.TomcatWebServer - Tomcat started on port 8088 (http) with context path '/'
2025-04-20 12:39:07 [main] INFO  pl.piomin.services.config.ConfigApplication - Started ConfigApplication in 1.353 seconds (process running for 2.155)
2025-04-20 12:39:07 [main] INFO  pl.piomin.services.config.ConfigApplication - Đã khởi động ứng dụng...
2025-04-20 12:40:19 [http-nio-8088-exec-1] INFO  org.apache.catalina.core.ContainerBase.[Tomcat].[localhost].[/] - Initializing Spring DispatcherServlet 'dispatcherServlet'
2025-04-20 12:40:19 [http-nio-8088-exec-1] INFO  org.springframework.web.servlet.DispatcherServlet - Initializing Servlet 'dispatcherServlet'
2025-04-20 12:40:19 [http-nio-8088-exec-1] INFO  org.springframework.web.servlet.DispatcherServlet - Completed initialization in 1 ms
2025-04-20 12:40:19 [http-nio-8088-exec-1] INFO  org.springframework.cloud.config.server.environment.NativeEnvironmentRepository - Adding property source: Config resource 'file [D:\DATA\JAVA\Technical\sample-spring-microservices\config-service\config\discovery-service.yml]' via location 'file:///D:/DATA/JAVA/Technical/sample-spring-microservices/config-service/config/'
2025-04-20 12:40:26 [RMI TCP Connection(11)-127.0.0.1] INFO  org.springframework.boot.admin.SpringApplicationAdminMXBeanRegistrar$SpringApplicationAdmin - Application shutdown requested.
2025-04-20 12:40:26 [RMI TCP Connection(11)-127.0.0.1] INFO  org.springframework.boot.web.embedded.tomcat.GracefulShutdown - Commencing graceful shutdown. Waiting for active requests to complete
2025-04-20 12:40:26 [tomcat-shutdown] INFO  org.apache.coyote.http11.Http11NioProtocol - Pausing ProtocolHandler ["http-nio-8088"]
2025-04-20 12:40:26 [tomcat-shutdown] INFO  org.springframework.boot.web.embedded.tomcat.GracefulShutdown - Graceful shutdown complete
2025-04-20 12:40:26 [RMI TCP Connection(11)-127.0.0.1] INFO  org.apache.coyote.http11.Http11NioProtocol - Stopping ProtocolHandler ["http-nio-8088"]
